[10:41:43] [ServerMain/INFO]: Environment: authHost='https://authserver.mojang.com', accountsHost='https://api.mojang.com', sessionHost='https://sessionserver.mojang.com', servicesHost='https://api.minecraftservices.com', name='PROD'
[10:41:44] [ServerMain/INFO]: Loaded 7 recipes
[10:41:45] [Server thread/INFO]: Starting minecraft server version 1.19.4
[10:41:45] [Server thread/INFO]: Loading properties
[10:41:45] [Server thread/INFO]: This server is running CraftBukkit version 3763-Spigot-7d7b241-5a5e43e (MC: 1.19.4) (Implementing API version 1.19.4-R0.1-SNAPSHOT)
[10:41:45] [Server thread/INFO]: Server Ping Player Sample Count: 12
[10:41:45] [Server thread/INFO]: Using 4 threads for Netty based IO
[10:41:45] [Server thread/INFO]: Debug logging is disabled
[10:41:45] [Server thread/INFO]: Default game type: SURVIVAL
[10:41:45] [Server thread/INFO]: Generating keypair
[10:41:45] [Server thread/INFO]: Starting Minecraft server on *:33770
[10:41:45] [Server thread/INFO]: Using epoll channel type
[10:41:46] [Server thread/ERROR]: Could not load 'plugins/ChestCleaner-2-4-3.jar' in folder 'plugins'
org.bukkit.plugin.InvalidDescriptionException: Invalid plugin.yml
	at org.bukkit.plugin.java.JavaPluginLoader.getPluginDescription(JavaPluginLoader.java:178) ~[spigot-api-1.19.4-R0.1-SNAPSHOT.jar:?]
	at org.bukkit.plugin.SimplePluginManager.loadPlugins(SimplePluginManager.java:144) ~[spigot-api-1.19.4-R0.1-SNAPSHOT.jar:?]
	at org.bukkit.craftbukkit.v1_19_R3.CraftServer.loadPlugins(CraftServer.java:430) ~[spigot-1.19.4-R0.1-SNAPSHOT.jar:3763-Spigot-7d7b241-5a5e43e]
	at net.minecraft.server.dedicated.DedicatedServer.e(DedicatedServer.java:219) ~[spigot-1.19.4-R0.1-SNAPSHOT.jar:3763-Spigot-7d7b241-5a5e43e]
	at net.minecraft.server.MinecraftServer.w(MinecraftServer.java:975) ~[spigot-1.19.4-R0.1-SNAPSHOT.jar:3763-Spigot-7d7b241-5a5e43e]
	at net.minecraft.server.MinecraftServer.lambda$0(MinecraftServer.java:304) ~[spigot-1.19.4-R0.1-SNAPSHOT.jar:3763-Spigot-7d7b241-5a5e43e]
	at java.lang.Thread.run(Thread.java:840) ~[?:?]
Caused by: java.util.zip.ZipException: zip END header not found
	at java.util.zip.ZipFile$Source.findEND(ZipFile.java:1637) ~[?:?]
	at java.util.zip.ZipFile$Source.initCEN(ZipFile.java:1645) ~[?:?]
	at java.util.zip.ZipFile$Source.<init>(ZipFile.java:1483) ~[?:?]
	at java.util.zip.ZipFile$Source.get(ZipFile.java:1445) ~[?:?]
	at java.util.zip.ZipFile$CleanableResource.<init>(ZipFile.java:717) ~[?:?]
	at java.util.zip.ZipFile.<init>(ZipFile.java:251) ~[?:?]
	at java.util.zip.ZipFile.<init>(ZipFile.java:180) ~[?:?]
	at java.util.jar.JarFile.<init>(JarFile.java:346) ~[?:?]
	at java.util.jar.JarFile.<init>(JarFile.java:317) ~[?:?]
	at java.util.jar.JarFile.<init>(JarFile.java:283) ~[?:?]
	at org.bukkit.plugin.java.JavaPluginLoader.getPluginDescription(JavaPluginLoader.java:166) ~[spigot-api-1.19.4-R0.1-SNAPSHOT.jar:?]
	... 6 more
[10:41:46] [Server thread/INFO]: [WorldEdit] Loading WorldEdit v7.2.20+6667-f0f1e66
[10:41:47] [Server thread/INFO]: Got request to register class com.sk89q.worldedit.bukkit.BukkitServerInterface with WorldEdit [com.sk89q.worldedit.extension.platform.PlatformManager@5901711b]
[10:41:47] [Server thread/INFO]: [SaveSpot] Loading SaveSpot v1.0-SNAPSHOT
[10:41:47] [Server thread/INFO]: [WorldGuard] Loading WorldGuard v7.0.8+33cdb4a
[10:41:47] [Server thread/INFO]: [mcMMO] Loading mcMMO v2.2.030-SNAPSHOT
[10:41:47] [Server thread/INFO]: [mcMMO] [D] Registered WG flags successfully!
[10:41:47] [Server thread/INFO]: [WorldEdit] Enabling WorldEdit v7.2.20+6667-f0f1e66
[10:41:47] [Server thread/INFO]: Registering commands with com.sk89q.worldedit.bukkit.BukkitServerInterface
[10:41:47] [Server thread/INFO]: WEPIF: Using the Bukkit Permissions API.
[10:41:47] [Server thread/INFO]: Using com.sk89q.worldedit.bukkit.adapter.impl.v1_19_R3.PaperweightAdapter as the Bukkit adapter
[10:41:48] [Server thread/INFO]: [WorldEdit] ====================================================
[10:41:48] [Server thread/INFO]: [WorldEdit]  WorldEdit works better if you use Paper 
[10:41:48] [Server thread/INFO]: [WorldEdit]  as your server software. 
[10:41:48] [Server thread/INFO]: [WorldEdit]   
[10:41:48] [Server thread/INFO]: [WorldEdit]  Paper offers significant performance improvements,
[10:41:48] [Server thread/INFO]: [WorldEdit]  bug fixes, security enhancements and optional
[10:41:48] [Server thread/INFO]: [WorldEdit]  features for server owners to enhance their server.
[10:41:48] [Server thread/INFO]: [WorldEdit]   
[10:41:48] [Server thread/INFO]: [WorldEdit]  Paper includes Timings v2, which is significantly
[10:41:48] [Server thread/INFO]: [WorldEdit]  better at diagnosing lag problems over v1.
[10:41:48] [Server thread/INFO]: [WorldEdit]   
[10:41:48] [Server thread/INFO]: [WorldEdit]  All of your plugins should still work, and the
[10:41:48] [Server thread/INFO]: [WorldEdit]  Paper community will gladly help you fix any issues.
[10:41:48] [Server thread/INFO]: [WorldEdit]   
[10:41:48] [Server thread/INFO]: [WorldEdit]  Join the Paper Community @ https://papermc.io
[10:41:48] [Server thread/INFO]: [WorldEdit] ====================================================
[10:41:48] [Server thread/INFO]: Preparing level "world"
[10:41:48] [Server thread/INFO]: -------- World Settings For [world] --------
[10:41:48] [Server thread/INFO]: Mob Spawn Range: 6
[10:41:48] [Server thread/INFO]: Experience Merge Radius: 3.0
[10:41:48] [Server thread/INFO]: Custom Map Seeds:  Village: 10387312 Desert: 14357617 Igloo: 14357618 Jungle: 14357619 Swamp: 14357620 Monument: 10387313 Ocean: 14357621 Shipwreck: 165745295 End City: 10387313 Slime: 987234911 Nether: 30084232 Mansion: 10387319 Fossil: 14357921 Portal: 34222645
[10:41:48] [Server thread/INFO]: Max TNT Explosions: 100
[10:41:48] [Server thread/INFO]: Tile Max Tick Time: 50ms Entity max Tick Time: 50ms
[10:41:48] [Server thread/INFO]: Cactus Growth Modifier: 100%
[10:41:48] [Server thread/INFO]: Cane Growth Modifier: 100%
[10:41:48] [Server thread/INFO]: Melon Growth Modifier: 100%
[10:41:48] [Server thread/INFO]: Mushroom Growth Modifier: 100%
[10:41:48] [Server thread/INFO]: Pumpkin Growth Modifier: 100%
[10:41:48] [Server thread/INFO]: Sapling Growth Modifier: 100%
[10:41:48] [Server thread/INFO]: Beetroot Growth Modifier: 100%
[10:41:48] [Server thread/INFO]: Carrot Growth Modifier: 100%
[10:41:48] [Server thread/INFO]: Potato Growth Modifier: 100%
[10:41:48] [Server thread/INFO]: Wheat Growth Modifier: 100%
[10:41:48] [Server thread/INFO]: NetherWart Growth Modifier: 100%
[10:41:48] [Server thread/INFO]: Vine Growth Modifier: 100%
[10:41:48] [Server thread/INFO]: Cocoa Growth Modifier: 100%
[10:41:48] [Server thread/INFO]: Bamboo Growth Modifier: 100%
[10:41:48] [Server thread/INFO]: SweetBerry Growth Modifier: 100%
[10:41:48] [Server thread/INFO]: Kelp Growth Modifier: 100%
[10:41:48] [Server thread/INFO]: TwistingVines Growth Modifier: 100%
[10:41:48] [Server thread/INFO]: WeepingVines Growth Modifier: 100%
[10:41:48] [Server thread/INFO]: CaveVines Growth Modifier: 100%
[10:41:48] [Server thread/INFO]: Entity Activation Range: An 32 / Mo 32 / Ra 48 / Mi 16 / Tiv true / Isa false
[10:41:48] [Server thread/INFO]: Entity Tracking Range: Pl 48 / An 48 / Mo 48 / Mi 32 / Di 128 / Other 64
[10:41:48] [Server thread/INFO]: Hopper Transfer: 8 Hopper Check: 1 Hopper Amount: 1 Hopper Can Load Chunks: false
[10:41:48] [Server thread/INFO]: View Distance: 16
[10:41:48] [Server thread/INFO]: Simulation Distance: 10
[10:41:48] [Server thread/INFO]: Item Despawn Rate: 6000
[10:41:48] [Server thread/INFO]: Item Merge Radius: 2.5
[10:41:48] [Server thread/INFO]: Allow Zombie Pigmen to spawn from portal blocks: true
[10:41:48] [Server thread/INFO]: Nerfing mobs spawned from spawners: false
[10:41:48] [Server thread/INFO]: Arrow Despawn Rate: 1200 Trident Respawn Rate:1200
[10:41:48] [Server thread/INFO]: Zombie Aggressive Towards Villager: true
[10:41:49] [Server thread/INFO]: -------- World Settings For [world_nether] --------
[10:41:49] [Server thread/INFO]: Mob Spawn Range: 6
[10:41:49] [Server thread/INFO]: Experience Merge Radius: 3.0
[10:41:49] [Server thread/INFO]: Custom Map Seeds:  Village: 10387312 Desert: 14357617 Igloo: 14357618 Jungle: 14357619 Swamp: 14357620 Monument: 10387313 Ocean: 14357621 Shipwreck: 165745295 End City: 10387313 Slime: 987234911 Nether: 30084232 Mansion: 10387319 Fossil: 14357921 Portal: 34222645
[10:41:49] [Server thread/INFO]: Max TNT Explosions: 100
[10:41:49] [Server thread/INFO]: Tile Max Tick Time: 50ms Entity max Tick Time: 50ms
[10:41:49] [Server thread/INFO]: Cactus Growth Modifier: 100%
[10:41:49] [Server thread/INFO]: Cane Growth Modifier: 100%
[10:41:49] [Server thread/INFO]: Melon Growth Modifier: 100%
[10:41:49] [Server thread/INFO]: Mushroom Growth Modifier: 100%
[10:41:49] [Server thread/INFO]: Pumpkin Growth Modifier: 100%
[10:41:49] [Server thread/INFO]: Sapling Growth Modifier: 100%
[10:41:49] [Server thread/INFO]: Beetroot Growth Modifier: 100%
[10:41:49] [Server thread/INFO]: Carrot Growth Modifier: 100%
[10:41:49] [Server thread/INFO]: Potato Growth Modifier: 100%
[10:41:49] [Server thread/INFO]: Wheat Growth Modifier: 100%
[10:41:49] [Server thread/INFO]: NetherWart Growth Modifier: 100%
[10:41:49] [Server thread/INFO]: Vine Growth Modifier: 100%
[10:41:49] [Server thread/INFO]: Cocoa Growth Modifier: 100%
[10:41:49] [Server thread/INFO]: Bamboo Growth Modifier: 100%
[10:41:49] [Server thread/INFO]: SweetBerry Growth Modifier: 100%
[10:41:49] [Server thread/INFO]: Kelp Growth Modifier: 100%
[10:41:49] [Server thread/INFO]: TwistingVines Growth Modifier: 100%
[10:41:49] [Server thread/INFO]: WeepingVines Growth Modifier: 100%
[10:41:49] [Server thread/INFO]: CaveVines Growth Modifier: 100%
[10:41:49] [Server thread/INFO]: Entity Activation Range: An 32 / Mo 32 / Ra 48 / Mi 16 / Tiv true / Isa false
[10:41:49] [Server thread/INFO]: Entity Tracking Range: Pl 48 / An 48 / Mo 48 / Mi 32 / Di 128 / Other 64
[10:41:49] [Server thread/INFO]: Hopper Transfer: 8 Hopper Check: 1 Hopper Amount: 1 Hopper Can Load Chunks: false
[10:41:49] [Server thread/INFO]: View Distance: 16
[10:41:49] [Server thread/INFO]: Simulation Distance: 10
[10:41:49] [Server thread/INFO]: Item Despawn Rate: 6000
[10:41:49] [Server thread/INFO]: Item Merge Radius: 2.5
[10:41:49] [Server thread/INFO]: Allow Zombie Pigmen to spawn from portal blocks: true
[10:41:49] [Server thread/INFO]: Nerfing mobs spawned from spawners: false
[10:41:49] [Server thread/INFO]: Arrow Despawn Rate: 1200 Trident Respawn Rate:1200
[10:41:49] [Server thread/INFO]: Zombie Aggressive Towards Villager: true
[10:41:49] [Server thread/INFO]: -------- World Settings For [world_the_end] --------
[10:41:49] [Server thread/INFO]: Mob Spawn Range: 6
[10:41:49] [Server thread/INFO]: Experience Merge Radius: 3.0
[10:41:49] [Server thread/INFO]: Custom Map Seeds:  Village: 10387312 Desert: 14357617 Igloo: 14357618 Jungle: 14357619 Swamp: 14357620 Monument: 10387313 Ocean: 14357621 Shipwreck: 165745295 End City: 10387313 Slime: 987234911 Nether: 30084232 Mansion: 10387319 Fossil: 14357921 Portal: 34222645
[10:41:49] [Server thread/INFO]: Max TNT Explosions: 100
[10:41:49] [Server thread/INFO]: Tile Max Tick Time: 50ms Entity max Tick Time: 50ms
[10:41:49] [Server thread/INFO]: Cactus Growth Modifier: 100%
[10:41:49] [Server thread/INFO]: Cane Growth Modifier: 100%
[10:41:49] [Server thread/INFO]: Melon Growth Modifier: 100%
[10:41:49] [Server thread/INFO]: Mushroom Growth Modifier: 100%
[10:41:49] [Server thread/INFO]: Pumpkin Growth Modifier: 100%
[10:41:49] [Server thread/INFO]: Sapling Growth Modifier: 100%
[10:41:49] [Server thread/INFO]: Beetroot Growth Modifier: 100%
[10:41:49] [Server thread/INFO]: Carrot Growth Modifier: 100%
[10:41:49] [Server thread/INFO]: Potato Growth Modifier: 100%
[10:41:49] [Server thread/INFO]: Wheat Growth Modifier: 100%
[10:41:49] [Server thread/INFO]: NetherWart Growth Modifier: 100%
[10:41:49] [Server thread/INFO]: Vine Growth Modifier: 100%
[10:41:49] [Server thread/INFO]: Cocoa Growth Modifier: 100%
[10:41:49] [Server thread/INFO]: Bamboo Growth Modifier: 100%
[10:41:49] [Server thread/INFO]: SweetBerry Growth Modifier: 100%
[10:41:49] [Server thread/INFO]: Kelp Growth Modifier: 100%
[10:41:49] [Server thread/INFO]: TwistingVines Growth Modifier: 100%
[10:41:49] [Server thread/INFO]: WeepingVines Growth Modifier: 100%
[10:41:49] [Server thread/INFO]: CaveVines Growth Modifier: 100%
[10:41:49] [Server thread/INFO]: Entity Activation Range: An 32 / Mo 32 / Ra 48 / Mi 16 / Tiv true / Isa false
[10:41:49] [Server thread/INFO]: Entity Tracking Range: Pl 48 / An 48 / Mo 48 / Mi 32 / Di 128 / Other 64
[10:41:49] [Server thread/INFO]: Hopper Transfer: 8 Hopper Check: 1 Hopper Amount: 1 Hopper Can Load Chunks: false
[10:41:49] [Server thread/INFO]: View Distance: 16
[10:41:49] [Server thread/INFO]: Simulation Distance: 10
[10:41:49] [Server thread/INFO]: Item Despawn Rate: 6000
[10:41:49] [Server thread/INFO]: Item Merge Radius: 2.5
[10:41:49] [Server thread/INFO]: Allow Zombie Pigmen to spawn from portal blocks: true
[10:41:49] [Server thread/INFO]: Nerfing mobs spawned from spawners: false
[10:41:49] [Server thread/INFO]: Arrow Despawn Rate: 1200 Trident Respawn Rate:1200
[10:41:49] [Server thread/INFO]: Zombie Aggressive Towards Villager: true
[10:41:49] [Server thread/INFO]: Preparing start region for dimension minecraft:overworld
[10:41:52] [Worker-Main-4/INFO]: Preparing spawn area: 0%
[10:41:52] [Worker-Main-4/INFO]: Preparing spawn area: 0%
[10:41:52] [Worker-Main-4/INFO]: Preparing spawn area: 0%
[10:41:52] [Worker-Main-12/INFO]: Preparing spawn area: 0%
[10:41:52] [Worker-Main-12/INFO]: Preparing spawn area: 0%
[10:41:52] [Worker-Main-8/INFO]: Preparing spawn area: 0%
[10:41:52] [Worker-Main-14/INFO]: Preparing spawn area: 0%
[10:41:53] [Worker-Main-3/INFO]: Preparing spawn area: 0%
[10:41:53] [Worker-Main-9/INFO]: Preparing spawn area: 4%
[10:41:54] [Worker-Main-7/INFO]: Preparing spawn area: 73%
[10:41:54] [Server thread/INFO]: Time elapsed: 4680 ms
[10:41:54] [Server thread/INFO]: Preparing start region for dimension minecraft:the_nether
[10:41:55] [Worker-Main-3/INFO]: Preparing spawn area: 0%
[10:41:55] [Worker-Main-8/INFO]: Preparing spawn area: 0%
[10:41:55] [Worker-Main-13/INFO]: Preparing spawn area: 0%
[10:41:56] [Worker-Main-3/INFO]: Preparing spawn area: 6%
[10:41:56] [Worker-Main-3/INFO]: Preparing spawn area: 12%
[10:41:57] [Worker-Main-1/INFO]: Preparing spawn area: 59%
[10:41:57] [Server thread/INFO]: Time elapsed: 2802 ms
[10:41:57] [Server thread/INFO]: Preparing start region for dimension minecraft:the_end
[10:41:58] [Worker-Main-3/INFO]: Preparing spawn area: 0%
[10:41:58] [Worker-Main-12/INFO]: Preparing spawn area: 0%
[10:41:58] [Worker-Main-12/INFO]: Preparing spawn area: 0%
[10:41:58] [Worker-Main-8/INFO]: Preparing spawn area: 33%
[10:41:59] [Server thread/INFO]: Time elapsed: 1958 ms
[10:41:59] [Server thread/INFO]: [SaveSpot] Enabling SaveSpot v1.0-SNAPSHOT
[10:41:59] [Server thread/INFO]: [WorldGuard] Enabling WorldGuard v7.0.8+33cdb4a
[10:41:59] [Server thread/INFO]: [WorldGuard] (world) TNT ignition is PERMITTED.
[10:41:59] [Server thread/INFO]: [WorldGuard] (world) Lighters are PERMITTED.
[10:41:59] [Server thread/INFO]: [WorldGuard] (world) Lava fire is PERMITTED.
[10:41:59] [Server thread/INFO]: [WorldGuard] (world) Fire spread is UNRESTRICTED.
[10:41:59] [Server thread/INFO]: [WorldGuard] Loaded configuration for world 'world'
[10:41:59] [Server thread/INFO]: [WorldGuard] (world_nether) TNT ignition is PERMITTED.
[10:41:59] [Server thread/INFO]: [WorldGuard] (world_nether) Lighters are PERMITTED.
[10:41:59] [Server thread/INFO]: [WorldGuard] (world_nether) Lava fire is PERMITTED.
[10:41:59] [Server thread/INFO]: [WorldGuard] (world_nether) Fire spread is UNRESTRICTED.
[10:41:59] [Server thread/INFO]: [WorldGuard] Loaded configuration for world 'world_nether'
[10:41:59] [Server thread/INFO]: [WorldGuard] (world_the_end) TNT ignition is PERMITTED.
[10:41:59] [Server thread/INFO]: [WorldGuard] (world_the_end) Lighters are PERMITTED.
[10:41:59] [Server thread/INFO]: [WorldGuard] (world_the_end) Lava fire is PERMITTED.
[10:41:59] [Server thread/INFO]: [WorldGuard] (world_the_end) Fire spread is UNRESTRICTED.
[10:41:59] [Server thread/INFO]: [WorldGuard] Loaded configuration for world 'world_the_end'
[10:41:59] [Server thread/INFO]: [WorldGuard] Loading region data...
[10:41:59] [Server thread/INFO]: [mcMMO] Enabling mcMMO v2.2.030-SNAPSHOT
[10:42:00] [Server thread/ERROR]: [mcMMO] PotionConfig: Failed to parse effect for potion POTION_OF_INFESTATION: INFESTED 0 3600
[10:42:00] [Server thread/ERROR]: [mcMMO] PotionConfig: Failed to parse effect for potion SPLASH_POTION_OF_INFESTATION: INFESTED 0 2500
[10:42:00] [Server thread/ERROR]: [mcMMO] PotionConfig: Failed to parse effect for potion LINGERING_POTION_OF_INFESTATION: INFESTED 0 3000
[10:42:00] [Server thread/ERROR]: [mcMMO] PotionConfig: Failed to parse effect for potion POTION_OF_WEAVING: WEAVING 0 3600
[10:42:00] [Server thread/ERROR]: [mcMMO] PotionConfig: Failed to parse effect for potion SPLASH_POTION_OF_WEAVING: WEAVING 0 2500
[10:42:00] [Server thread/ERROR]: [mcMMO] PotionConfig: Failed to parse effect for potion LINGERING_POTION_OF_WEAVING: WEAVING 0 3000
[10:42:00] [Server thread/ERROR]: [mcMMO] PotionConfig: Failed to parse effect for potion POTION_OF_OOZING: OOZING 0 3600
[10:42:00] [Server thread/ERROR]: [mcMMO] PotionConfig: Failed to parse effect for potion SPLASH_POTION_OF_OOZING: OOZING 0 2500
[10:42:00] [Server thread/ERROR]: [mcMMO] PotionConfig: Failed to parse effect for potion LINGERING_POTION_OF_OOZING: OOZING 0 3000
[10:42:00] [Server thread/INFO]: [mcMMO] Loaded 229 Alchemy potions, skipped 0.
[10:42:00] [Server thread/INFO]: Server permissions file permissions.yml is empty, ignoring it
[10:42:01] [Server thread/INFO]: Done (12.793s)! For help, type "help"
[10:42:01] [Server thread/INFO]: com.mojang.authlib.GameProfile@2ec22f6[id=<null>,name=groune_,properties={},legacy=false] (/192.168.1.254:55471) lost connection: Disconnected
[10:42:05] [User Authenticator #1/INFO]: UUID of player groune_ is f7f8d45f-cf99-4d8b-8687-8a142c3b2755
[10:42:06] [Server thread/INFO]: groune_ joined the game
[10:42:06] [Server thread/INFO]: groune_[/192.168.1.254:55523] logged in with entity id 341 at ([world]40.47533952647387, 65.0, 172.38262454225008)
[10:42:16] [Server thread/INFO]: groune_ issued server command: /gamemode spectator
[10:42:16] [Server thread/INFO]: [groune_: Set own game mode to Spectator Mode]
[10:44:07] [Server thread/INFO]: groune_ issued server command: /gamemode survival
[10:44:07] [Server thread/INFO]: [groune_: Set own game mode to Survival Mode]
[10:46:04] [Server thread/INFO]: groune_ issued server command: /sortingadmin ClickSort true
[10:46:11] [Server thread/INFO]: groune_ lost connection: Disconnected
[10:46:11] [Server thread/INFO]: groune_ left the game
[15:16:55] [User Authenticator #2/INFO]: UUID of player polatrk is 4683b7d7-6e44-45cf-8903-609f089c2e13
[15:16:55] [Server thread/INFO]: polatrk joined the game
[15:16:55] [Server thread/INFO]: polatrk[/90.22.96.150:57362] logged in with entity id 2046 at ([world]116.42965095307548, -41.0, 52.85491839964202)
[15:19:53] [Server thread/INFO]: polatrk issued server command: /spot save private spawn
[15:21:33] [Server thread/INFO]: Named entity EntityZombie['Zombie'/3271, l='ServerLevel[world]', x=113.91, y=36.00, z=34.44] died: Zombie was slain by polatrk
[15:21:58] [Server thread/INFO]: polatrk issued server command: /spot goto private maison
[15:23:06] [Server thread/INFO]: polatrk issued server command: /spot goto private spawn
